<?xml version="1.0" encoding="UTF-8"?>
<!-- Generated by org.testng.reporters.JUnitReportReporter -->
<testsuite hostname="DESKTOP-TIC5DM4" failures="0" tests="1" name="tc4" time="0.440" errors="0" timestamp="2024-08-20T16:10:46 IST" skipped="0">
  <testcase classname="tc4" name="post" time="0.440"/>
</testsuite> <!-- tc4 -->
