<?xml version="1.0" encoding="UTF-8"?>
<!-- Generated by org.testng.reporters.JUnitReportReporter -->
<testsuite hostname="DESKTOP-TIC5DM4" failures="0" tests="1" name="tc2" time="3.791" errors="0" timestamp="2024-08-28T17:12:49 IST" skipped="0">
  <testcase classname="tc2" name="addBook" time="3.791"/>
</testsuite> <!-- tc2 -->
