<?xml version="1.0" encoding="UTF-8"?>
<!-- Generated by org.testng.reporters.JUnitReportReporter -->
<testsuite hostname="DESKTOP-TIC5DM4" failures="0" tests="1" name="updatebook_patch" time="3.012" errors="0" timestamp="2024-08-28T17:43:33 IST" skipped="0">
  <testcase classname="updatebook_patch" name="patch" time="3.012"/>
</testsuite> <!-- updatebook_patch -->
