<?xml version="1.0" encoding="UTF-8"?>
<!-- Generated by org.testng.reporters.JUnitReportReporter -->
<testsuite hostname="DESKTOP-TIC5DM4" failures="0" tests="1" name="delete_Method" time="3.706" errors="0" timestamp="2024-08-28T18:00:04 IST" skipped="0">
  <testcase classname="delete_Method" name="delete" time="3.706"/>
</testsuite> <!-- delete_Method -->
