<?xml version="1.0" encoding="UTF-8"?>
<!-- Generated by org.testng.reporters.JUnitReportReporter -->
<testsuite hostname="DESKTOP-TIC5DM4" failures="0" tests="1" name="getBook" time="3.092" errors="0" timestamp="2024-08-28T17:55:31 IST" skipped="0">
  <testcase classname="getBook" name="getBooks" time="3.092"/>
</testsuite> <!-- getBook -->
