<?xml version="1.0" encoding="UTF-8"?>
<!-- Generated by org.testng.reporters.JUnitReportReporter -->
<testsuite hostname="DESKTOP-TIC5DM4" failures="0" tests="1" name="deleteBooks" time="3.816" errors="0" timestamp="2024-08-28T17:56:13 IST" skipped="0">
  <testcase classname="deleteBooks" name="post" time="3.816"/>
</testsuite> <!-- deleteBooks -->
