<?xml version="1.0" encoding="UTF-8"?>
<!-- Generated by org.testng.reporters.JUnitReportReporter -->
<testsuite hostname="DESKTOP-TIC5DM4" failures="0" tests="1" name="updateBooks" time="4.213" errors="0" timestamp="2024-08-28T18:00:50 IST" skipped="0">
  <testcase classname="updateBooks" name="post" time="4.213"/>
</testsuite> <!-- updateBooks -->
