<?xml version="1.0" encoding="UTF-8"?>
<!-- Generated by org.testng.reporters.JUnitReportReporter -->
<testsuite hostname="DESKTOP-TIC5DM4" failures="0" tests="1" name="addBook" time="4.367" errors="0" timestamp="2024-08-28T17:33:11 IST" skipped="0">
  <testcase classname="addBook" name="addBook" time="4.367"/>
</testsuite> <!-- addBook -->
