<?xml version="1.0" encoding="UTF-8"?>
<!-- Generated by org.testng.reporters.JUnitReportReporter -->
<testsuite hostname="DESKTOP-TIC5DM4" failures="0" tests="1" name="tc1" time="2.973" errors="0" timestamp="2024-08-28T17:18:16 IST" skipped="0">
  <testcase classname="tc1" name="get" time="2.973"/>
</testsuite> <!-- tc1 -->
